{"C:\\projetos\\projeto-nodejs\\src\\server.ts": {"path":"C:\\projetos\\projeto-nodejs\\src\\server.ts","statementMap":{"0":{"start":{"line":1,"column":0},"end":{"line":1,"column":52}},"1":{"start":{"line":2,"column":0},"end":{"line":2,"column":37}},"2":{"start":{"line":3,"column":0},"end":{"line":3,"column":55}},"3":{"start":{"line":5,"column":12},"end":{"line":5,"column":21}},"4":{"start":{"line":7,"column":0},"end":{"line":7,"column":null}},"5":{"start":{"line":8,"column":0},"end":{"line":8,"column":null}},"6":{"start":{"line":9,"column":0},"end":{"line":13,"column":null}},"7":{"start":{"line":14,"column":0},"end":{"line":14,"column":null}},"8":{"start":{"line":16,"column":0},"end":{"line":18,"column":null}},"9":{"start":{"line":17,"column":2},"end":{"line":17,"column":null}},"10":{"start":{"line":20,"column":0},"end":{"line":20,"column":null}}},"fnMap":{"0":{"name":"(anonymous_1)","decl":{"start":{"line":16,"column":13},"end":{"line":16,"column":14}},"loc":{"start":{"line":16,"column":45},"end":{"line":18,"column":1}}}},"branchMap":{},"s":{"0":1,"1":1,"2":1,"3":1,"4":1,"5":1,"6":1,"7":1,"8":1,"9":1,"10":1},"f":{"0":1},"b":{}}
,"C:\\projetos\\projeto-nodejs\\src\\controllers\\Promotions.Controller.ts": {"path":"C:\\projetos\\projeto-nodejs\\src\\controllers\\Promotions.Controller.ts","statementMap":{"0":{"start":{"line":2,"column":0},"end":{"line":2,"column":45}},"1":{"start":{"line":4,"column":29},"end":{"line":159,"column":null}},"2":{"start":{"line":6,"column":4},"end":{"line":16,"column":null}},"3":{"start":{"line":7,"column":25},"end":{"line":7,"column":48}},"4":{"start":{"line":8,"column":6},"end":{"line":12,"column":null}},"5":{"start":{"line":9,"column":8},"end":{"line":11,"column":null}},"6":{"start":{"line":13,"column":6},"end":{"line":13,"column":null}},"7":{"start":{"line":15,"column":6},"end":{"line":15,"column":null}},"8":{"start":{"line":20,"column":19},"end":{"line":20,"column":29}},"9":{"start":{"line":21,"column":4},"end":{"line":26,"column":null}},"10":{"start":{"line":22,"column":23},"end":{"line":22,"column":52}},"11":{"start":{"line":23,"column":6},"end":{"line":23,"column":null}},"12":{"start":{"line":25,"column":6},"end":{"line":25,"column":null}},"13":{"start":{"line":50,"column":8},"end":{"line":50,"column":16}},"14":{"start":{"line":52,"column":4},"end":{"line":78,"column":null}},"15":{"start":{"line":75,"column":6},"end":{"line":77,"column":null}},"16":{"start":{"line":80,"column":28},"end":{"line":80,"column":67}},"17":{"start":{"line":81,"column":4},"end":{"line":83,"column":null}},"18":{"start":{"line":82,"column":6},"end":{"line":82,"column":null}},"19":{"start":{"line":85,"column":4},"end":{"line":87,"column":null}},"20":{"start":{"line":86,"column":6},"end":{"line":86,"column":null}},"21":{"start":{"line":91,"column":19},"end":{"line":91,"column":29}},"22":{"start":{"line":112,"column":8},"end":{"line":112,"column":16}},"23":{"start":{"line":114,"column":30},"end":{"line":114,"column":59}},"24":{"start":{"line":115,"column":4},"end":{"line":145,"column":null}},"25":{"start":{"line":116,"column":6},"end":{"line":140,"column":null}},"26":{"start":{"line":139,"column":8},"end":{"line":139,"column":null}},"27":{"start":{"line":142,"column":6},"end":{"line":144,"column":null}},"28":{"start":{"line":149,"column":19},"end":{"line":149,"column":29}},"29":{"start":{"line":150,"column":30},"end":{"line":150,"column":59}},"30":{"start":{"line":151,"column":4},"end":{"line":157,"column":null}},"31":{"start":{"line":152,"column":6},"end":{"line":154,"column":null}},"32":{"start":{"line":153,"column":8},"end":{"line":153,"column":null}},"33":{"start":{"line":156,"column":6},"end":{"line":156,"column":null}},"34":{"start":{"line":161,"column":0},"end":{"line":161,"column":null}}},"fnMap":{"0":{"name":"(anonymous_8)","decl":{"start":{"line":5,"column":8},"end":{"line":5,"column":13}},"loc":{"start":{"line":5,"column":41},"end":{"line":17,"column":null}}},"1":{"name":"(anonymous_10)","decl":{"start":{"line":19,"column":8},"end":{"line":19,"column":16}},"loc":{"start":{"line":19,"column":44},"end":{"line":27,"column":null}}},"2":{"name":"(anonymous_12)","decl":{"start":{"line":29,"column":8},"end":{"line":29,"column":14}},"loc":{"start":{"line":29,"column":42},"end":{"line":88,"column":null}}},"3":{"name":"(anonymous_14)","decl":{"start":{"line":85,"column":43},"end":{"line":85,"column":44}},"loc":{"start":{"line":85,"column":52},"end":{"line":87,"column":5}}},"4":{"name":"(anonymous_15)","decl":{"start":{"line":90,"column":8},"end":{"line":90,"column":14}},"loc":{"start":{"line":90,"column":42},"end":{"line":146,"column":null}}},"5":{"name":"(anonymous_17)","decl":{"start":{"line":138,"column":14},"end":{"line":138,"column":15}},"loc":{"start":{"line":138,"column":23},"end":{"line":140,"column":7}}},"6":{"name":"(anonymous_18)","decl":{"start":{"line":148,"column":8},"end":{"line":148,"column":14}},"loc":{"start":{"line":148,"column":42},"end":{"line":158,"column":null}}},"7":{"name":"(anonymous_20)","decl":{"start":{"line":152,"column":50},"end":{"line":152,"column":51}},"loc":{"start":{"line":152,"column":59},"end":{"line":154,"column":7}}}},"branchMap":{"0":{"loc":{"start":{"line":8,"column":6},"end":{"line":12,"column":null}},"type":"if","locations":[{"start":{"line":8,"column":6},"end":{"line":12,"column":null}}]},"1":{"loc":{"start":{"line":52,"column":4},"end":{"line":78,"column":null}},"type":"if","locations":[{"start":{"line":52,"column":4},"end":{"line":78,"column":null}}]},"2":{"loc":{"start":{"line":53,"column":6},"end":{"line":73,"column":29}},"type":"binary-expr","locations":[{"start":{"line":53,"column":6},"end":{"line":53,"column":11}},{"start":{"line":54,"column":6},"end":{"line":54,"column":16}},{"start":{"line":55,"column":6},"end":{"line":55,"column":21}},{"start":{"line":56,"column":6},"end":{"line":56,"column":29}},{"start":{"line":57,"column":6},"end":{"line":57,"column":17}},{"start":{"line":58,"column":6},"end":{"line":58,"column":15}},{"start":{"line":59,"column":6},"end":{"line":59,"column":26}},{"start":{"line":60,"column":6},"end":{"line":60,"column":19}},{"start":{"line":61,"column":6},"end":{"line":61,"column":19}},{"start":{"line":62,"column":6},"end":{"line":62,"column":37}},{"start":{"line":63,"column":6},"end":{"line":63,"column":12}},{"start":{"line":64,"column":6},"end":{"line":64,"column":17}},{"start":{"line":65,"column":6},"end":{"line":65,"column":11}},{"start":{"line":66,"column":6},"end":{"line":66,"column":16}},{"start":{"line":67,"column":6},"end":{"line":67,"column":23}},{"start":{"line":68,"column":6},"end":{"line":68,"column":28}},{"start":{"line":69,"column":6},"end":{"line":69,"column":10}},{"start":{"line":70,"column":6},"end":{"line":70,"column":15}},{"start":{"line":71,"column":6},"end":{"line":71,"column":15}},{"start":{"line":72,"column":6},"end":{"line":72,"column":13}},{"start":{"line":73,"column":6},"end":{"line":73,"column":29}}]},"3":{"loc":{"start":{"line":81,"column":4},"end":{"line":83,"column":null}},"type":"if","locations":[{"start":{"line":81,"column":4},"end":{"line":83,"column":null}}]},"4":{"loc":{"start":{"line":115,"column":4},"end":{"line":145,"column":null}},"type":"if","locations":[{"start":{"line":115,"column":4},"end":{"line":145,"column":null}},{"start":{"line":141,"column":11},"end":{"line":145,"column":null}}]},"5":{"loc":{"start":{"line":151,"column":4},"end":{"line":157,"column":null}},"type":"if","locations":[{"start":{"line":151,"column":4},"end":{"line":157,"column":null}},{"start":{"line":155,"column":11},"end":{"line":157,"column":null}}]}},"s":{"0":1,"1":1,"2":1,"3":1,"4":1,"5":0,"6":1,"7":0,"8":4,"9":4,"10":4,"11":2,"12":2,"13":3,"14":3,"15":1,"16":2,"17":2,"18":1,"19":1,"20":1,"21":1,"22":1,"23":1,"24":1,"25":1,"26":1,"27":0,"28":1,"29":1,"30":1,"31":0,"32":0,"33":1,"34":1},"f":{"0":1,"1":4,"2":3,"3":1,"4":1,"5":1,"6":1,"7":0},"b":{"0":[0],"1":[1],"2":[3,3,3,2,2,2,2,2,2,2,2,2,2,2,2,2,2,2,2,2,2],"3":[1],"4":[1,0],"5":[0,1]}}
,"C:\\projetos\\projeto-nodejs\\src\\database\\connector.ts": {"path":"C:\\projetos\\projeto-nodejs\\src\\database\\connector.ts","statementMap":{"0":{"start":{"line":1,"column":0},"end":{"line":1,"column":51}},"1":{"start":{"line":3,"column":24},"end":{"line":14,"column":1}},"2":{"start":{"line":4,"column":2},"end":{"line":4,"column":null}},"3":{"start":{"line":6,"column":2},"end":{"line":9,"column":null}},"4":{"start":{"line":11,"column":13},"end":{"line":11,"column":32}},"5":{"start":{"line":12,"column":2},"end":{"line":12,"column":null}},"6":{"start":{"line":12,"column":28},"end":{"line":12,"column":48}},"7":{"start":{"line":13,"column":2},"end":{"line":13,"column":null}},"8":{"start":{"line":13,"column":24},"end":{"line":13,"column":60}},"9":{"start":{"line":15,"column":0},"end":{"line":15,"column":null}}},"fnMap":{"0":{"name":"(anonymous_1)","decl":{"start":{"line":3,"column":24},"end":{"line":3,"column":27}},"loc":{"start":{"line":3,"column":29},"end":{"line":14,"column":1}}},"1":{"name":"(anonymous_2)","decl":{"start":{"line":12,"column":17},"end":{"line":12,"column":18}},"loc":{"start":{"line":12,"column":28},"end":{"line":12,"column":48}}},"2":{"name":"(anonymous_3)","decl":{"start":{"line":13,"column":18},"end":{"line":13,"column":21}},"loc":{"start":{"line":13,"column":24},"end":{"line":13,"column":60}}}},"branchMap":{},"s":{"0":1,"1":1,"2":2,"3":2,"4":2,"5":2,"6":0,"7":2,"8":2,"9":1},"f":{"0":2,"1":0,"2":2},"b":{}}
,"C:\\projetos\\projeto-nodejs\\src\\models\\Promotions.ts": {"path":"C:\\projetos\\projeto-nodejs\\src\\models\\Promotions.ts","statementMap":{"0":{"start":{"line":1,"column":0},"end":{"line":1,"column":31}},"1":{"start":{"line":3,"column":19},"end":{"line":41,"column":null}},"2":{"start":{"line":44,"column":0},"end":{"line":44,"column":null}}},"fnMap":{},"branchMap":{},"s":{"0":1,"1":1,"2":1},"f":{},"b":{}}
,"C:\\projetos\\projeto-nodejs\\src\\rourtes\\routes.ts": {"path":"C:\\projetos\\projeto-nodejs\\src\\rourtes\\routes.ts","statementMap":{"0":{"start":{"line":1,"column":0},"end":{"line":1,"column":32}},"1":{"start":{"line":2,"column":0},"end":{"line":2,"column":71}},"2":{"start":{"line":4,"column":15},"end":{"line":4,"column":23}},"3":{"start":{"line":6,"column":0},"end":{"line":9,"column":null}},"4":{"start":{"line":8,"column":2},"end":{"line":8,"column":null}},"5":{"start":{"line":11,"column":0},"end":{"line":11,"column":null}},"6":{"start":{"line":12,"column":0},"end":{"line":12,"column":null}},"7":{"start":{"line":13,"column":0},"end":{"line":13,"column":null}},"8":{"start":{"line":14,"column":0},"end":{"line":14,"column":null}},"9":{"start":{"line":15,"column":0},"end":{"line":15,"column":null}},"10":{"start":{"line":16,"column":0},"end":{"line":16,"column":null}}},"fnMap":{"0":{"name":"(anonymous_1)","decl":{"start":{"line":6,"column":11},"end":{"line":6,"column":12}},"loc":{"start":{"line":6,"column":30},"end":{"line":9,"column":1}}}},"branchMap":{},"s":{"0":1,"1":1,"2":1,"3":1,"4":10,"5":1,"6":1,"7":1,"8":1,"9":1,"10":1},"f":{"0":10},"b":{}}
}
