TN:
SF:src\server.ts
FN:16,(anonymous_1)
FNF:1
FNH:1
FNDA:1,(anonymous_1)
DA:1,1
DA:2,1
DA:3,1
DA:5,1
DA:7,1
DA:8,1
DA:9,1
DA:14,1
DA:16,1
DA:17,1
DA:20,1
LF:11
LH:11
BRF:0
BRH:0
end_of_record
TN:
SF:src\controllers\Promotions.Controller.ts
FN:5,(anonymous_8)
FN:19,(anonymous_10)
FN:29,(anonymous_12)
FN:85,(anonymous_14)
FN:90,(anonymous_15)
FN:138,(anonymous_17)
FN:148,(anonymous_18)
FN:152,(anonymous_20)
FNF:8
FNH:7
FNDA:1,(anonymous_8)
FNDA:4,(anonymous_10)
FNDA:3,(anonymous_12)
FNDA:1,(anonymous_14)
FNDA:1,(anonymous_15)
FNDA:1,(anonymous_17)
FNDA:1,(anonymous_18)
FNDA:0,(anonymous_20)
DA:2,1
DA:4,1
DA:6,1
DA:7,1
DA:8,1
DA:9,0
DA:13,1
DA:15,0
DA:20,4
DA:21,4
DA:22,4
DA:23,2
DA:25,2
DA:50,3
DA:52,3
DA:75,1
DA:80,2
DA:81,2
DA:82,1
DA:85,1
DA:86,1
DA:91,1
DA:112,1
DA:114,1
DA:115,1
DA:116,1
DA:139,1
DA:142,0
DA:149,1
DA:150,1
DA:151,1
DA:152,0
DA:153,0
DA:156,1
DA:161,1
LF:35
LH:30
BRDA:8,0,0,0
BRDA:52,1,0,1
BRDA:53,2,0,3
BRDA:53,2,1,3
BRDA:53,2,2,3
BRDA:53,2,3,2
BRDA:53,2,4,2
BRDA:53,2,5,2
BRDA:53,2,6,2
BRDA:53,2,7,2
BRDA:53,2,8,2
BRDA:53,2,9,2
BRDA:53,2,10,2
BRDA:53,2,11,2
BRDA:53,2,12,2
BRDA:53,2,13,2
BRDA:53,2,14,2
BRDA:53,2,15,2
BRDA:53,2,16,2
BRDA:53,2,17,2
BRDA:53,2,18,2
BRDA:53,2,19,2
BRDA:53,2,20,2
BRDA:81,3,0,1
BRDA:115,4,0,1
BRDA:115,4,1,0
BRDA:151,5,0,0
BRDA:151,5,1,1
BRF:28
BRH:25
end_of_record
TN:
SF:src\database\connector.ts
FN:3,(anonymous_1)
FN:12,(anonymous_2)
FN:13,(anonymous_3)
FNF:3
FNH:2
FNDA:2,(anonymous_1)
FNDA:0,(anonymous_2)
FNDA:2,(anonymous_3)
DA:1,1
DA:3,1
DA:4,2
DA:6,2
DA:11,2
DA:12,2
DA:13,2
DA:15,1
LF:8
LH:8
BRF:0
BRH:0
end_of_record
TN:
SF:src\models\Promotions.ts
FNF:0
FNH:0
DA:1,1
DA:3,1
DA:44,1
LF:3
LH:3
BRF:0
BRH:0
end_of_record
TN:
SF:src\rourtes\routes.ts
FN:6,(anonymous_1)
FNF:1
FNH:1
FNDA:10,(anonymous_1)
DA:1,1
DA:2,1
DA:4,1
DA:6,1
DA:8,10
DA:11,1
DA:12,1
DA:13,1
DA:14,1
DA:15,1
DA:16,1
LF:11
LH:11
BRF:0
BRH:0
end_of_record
